{"D:\\zup_test_back\\cloud_computing\\server\\endpoints\\clients\\index.js": {"path":"D:\\zup_test_back\\cloud_computing\\server\\endpoints\\clients\\index.js","statementMap":{"0":{"start":{"line":2,"column":10},"end":{"line":2,"column":31}},"1":{"start":{"line":5,"column":0},"end":{"line":105,"column":2}},"2":{"start":{"line":5,"column":38},"end":{"line":105,"column":1}},"3":{"start":{"line":8,"column":21},"end":{"line":20,"column":10}},"4":{"start":{"line":9,"column":12},"end":{"line":11,"column":13}},"5":{"start":{"line":10,"column":16},"end":{"line":10,"column":43}},"6":{"start":{"line":14,"column":12},"end":{"line":17,"column":14}},"7":{"start":{"line":25,"column":23},"end":{"line":25,"column":33}},"8":{"start":{"line":27,"column":8},"end":{"line":42,"column":10}},"9":{"start":{"line":28,"column":12},"end":{"line":30,"column":13}},"10":{"start":{"line":29,"column":16},"end":{"line":29,"column":43}},"11":{"start":{"line":32,"column":12},"end":{"line":34,"column":13}},"12":{"start":{"line":33,"column":16},"end":{"line":33,"column":39}},"13":{"start":{"line":36,"column":12},"end":{"line":39,"column":14}},"14":{"start":{"line":45,"column":21},"end":{"line":45,"column":29}},"15":{"start":{"line":46,"column":24},"end":{"line":53,"column":10}},"16":{"start":{"line":57,"column":8},"end":{"line":69,"column":10}},"17":{"start":{"line":58,"column":12},"end":{"line":61,"column":13}},"18":{"start":{"line":60,"column":16},"end":{"line":60,"column":42}},"19":{"start":{"line":62,"column":12},"end":{"line":64,"column":13}},"20":{"start":{"line":63,"column":16},"end":{"line":63,"column":42}},"21":{"start":{"line":65,"column":12},"end":{"line":68,"column":14}},"22":{"start":{"line":74,"column":23},"end":{"line":74,"column":33}},"23":{"start":{"line":75,"column":19},"end":{"line":75,"column":56}},"24":{"start":{"line":78,"column":8},"end":{"line":88,"column":14}},"25":{"start":{"line":80,"column":16},"end":{"line":82,"column":17}},"26":{"start":{"line":81,"column":20},"end":{"line":81,"column":46}},"27":{"start":{"line":84,"column":16},"end":{"line":86,"column":17}},"28":{"start":{"line":85,"column":20},"end":{"line":85,"column":46}},"29":{"start":{"line":87,"column":16},"end":{"line":87,"column":36}},"30":{"start":{"line":92,"column":23},"end":{"line":92,"column":33}},"31":{"start":{"line":93,"column":8},"end":{"line":102,"column":10}},"32":{"start":{"line":94,"column":12},"end":{"line":96,"column":13}},"33":{"start":{"line":95,"column":16},"end":{"line":95,"column":42}},"34":{"start":{"line":98,"column":12},"end":{"line":100,"column":13}},"35":{"start":{"line":99,"column":16},"end":{"line":99,"column":42}},"36":{"start":{"line":101,"column":12},"end":{"line":101,"column":32}}},"fnMap":{"0":{"name":"(anonymous_0)","decl":{"start":{"line":5,"column":17},"end":{"line":5,"column":18}},"loc":{"start":{"line":5,"column":38},"end":{"line":105,"column":1}},"line":5},"1":{"name":"(anonymous_1)","decl":{"start":{"line":6,"column":9},"end":{"line":6,"column":10}},"loc":{"start":{"line":6,"column":28},"end":{"line":22,"column":5}},"line":6},"2":{"name":"(anonymous_2)","decl":{"start":{"line":8,"column":41},"end":{"line":8,"column":42}},"loc":{"start":{"line":8,"column":65},"end":{"line":20,"column":9}},"line":8},"3":{"name":"(anonymous_3)","decl":{"start":{"line":24,"column":14},"end":{"line":24,"column":15}},"loc":{"start":{"line":24,"column":28},"end":{"line":43,"column":5}},"line":24},"4":{"name":"(anonymous_4)","decl":{"start":{"line":27,"column":37},"end":{"line":27,"column":38}},"loc":{"start":{"line":27,"column":56},"end":{"line":42,"column":9}},"line":27},"5":{"name":"(anonymous_5)","decl":{"start":{"line":44,"column":10},"end":{"line":44,"column":11}},"loc":{"start":{"line":44,"column":29},"end":{"line":72,"column":5}},"line":44},"6":{"name":"(anonymous_6)","decl":{"start":{"line":57,"column":27},"end":{"line":57,"column":28}},"loc":{"start":{"line":57,"column":47},"end":{"line":69,"column":9}},"line":57},"7":{"name":"(anonymous_7)","decl":{"start":{"line":73,"column":9},"end":{"line":73,"column":10}},"loc":{"start":{"line":73,"column":28},"end":{"line":90,"column":5}},"line":73},"8":{"name":"(anonymous_8)","decl":{"start":{"line":79,"column":58},"end":{"line":79,"column":59}},"loc":{"start":{"line":79,"column":83},"end":{"line":88,"column":13}},"line":79},"9":{"name":"(anonymous_9)","decl":{"start":{"line":91,"column":12},"end":{"line":91,"column":13}},"loc":{"start":{"line":91,"column":26},"end":{"line":104,"column":5}},"line":91},"10":{"name":"(anonymous_10)","decl":{"start":{"line":93,"column":78},"end":{"line":93,"column":79}},"loc":{"start":{"line":93,"column":98},"end":{"line":102,"column":9}},"line":93}},"branchMap":{"0":{"loc":{"start":{"line":9,"column":12},"end":{"line":11,"column":13}},"type":"if","locations":[{"start":{"line":9,"column":12},"end":{"line":11,"column":13}},{"start":{"line":9,"column":12},"end":{"line":11,"column":13}}],"line":9},"1":{"loc":{"start":{"line":28,"column":12},"end":{"line":30,"column":13}},"type":"if","locations":[{"start":{"line":28,"column":12},"end":{"line":30,"column":13}},{"start":{"line":28,"column":12},"end":{"line":30,"column":13}}],"line":28},"2":{"loc":{"start":{"line":32,"column":12},"end":{"line":34,"column":13}},"type":"if","locations":[{"start":{"line":32,"column":12},"end":{"line":34,"column":13}},{"start":{"line":32,"column":12},"end":{"line":34,"column":13}}],"line":32},"3":{"loc":{"start":{"line":58,"column":12},"end":{"line":61,"column":13}},"type":"if","locations":[{"start":{"line":58,"column":12},"end":{"line":61,"column":13}},{"start":{"line":58,"column":12},"end":{"line":61,"column":13}}],"line":58},"4":{"loc":{"start":{"line":62,"column":12},"end":{"line":64,"column":13}},"type":"if","locations":[{"start":{"line":62,"column":12},"end":{"line":64,"column":13}},{"start":{"line":62,"column":12},"end":{"line":64,"column":13}}],"line":62},"5":{"loc":{"start":{"line":80,"column":16},"end":{"line":82,"column":17}},"type":"if","locations":[{"start":{"line":80,"column":16},"end":{"line":82,"column":17}},{"start":{"line":80,"column":16},"end":{"line":82,"column":17}}],"line":80},"6":{"loc":{"start":{"line":84,"column":16},"end":{"line":86,"column":17}},"type":"if","locations":[{"start":{"line":84,"column":16},"end":{"line":86,"column":17}},{"start":{"line":84,"column":16},"end":{"line":86,"column":17}}],"line":84},"7":{"loc":{"start":{"line":94,"column":12},"end":{"line":96,"column":13}},"type":"if","locations":[{"start":{"line":94,"column":12},"end":{"line":96,"column":13}},{"start":{"line":94,"column":12},"end":{"line":96,"column":13}}],"line":94},"8":{"loc":{"start":{"line":98,"column":12},"end":{"line":100,"column":13}},"type":"if","locations":[{"start":{"line":98,"column":12},"end":{"line":100,"column":13}},{"start":{"line":98,"column":12},"end":{"line":100,"column":13}}],"line":98}},"s":{"0":1,"1":1,"2":14,"3":3,"4":3,"5":1,"6":2,"7":2,"8":2,"9":2,"10":1,"11":1,"12":1,"13":0,"14":3,"15":3,"16":3,"17":3,"18":1,"19":2,"20":1,"21":1,"22":3,"23":3,"24":3,"25":3,"26":1,"27":2,"28":1,"29":1,"30":3,"31":3,"32":3,"33":1,"34":2,"35":1,"36":1},"f":{"0":14,"1":3,"2":3,"3":2,"4":2,"5":3,"6":3,"7":3,"8":3,"9":3,"10":3},"b":{"0":[1,2],"1":[1,1],"2":[1,0],"3":[1,2],"4":[1,1],"5":[1,2],"6":[1,1],"7":[1,2],"8":[1,1]},"_coverageSchema":"43e27e138ebf9cfc5966b082cf9a028302ed4184","hash":"cb85dfa8dd5b5b1c2a479fa5c6b62327ecc0bf40"}
,"D:\\zup_test_back\\cloud_computing\\server\\endpoints\\invoices\\index.js": {"path":"D:\\zup_test_back\\cloud_computing\\server\\endpoints\\invoices\\index.js","statementMap":{"0":{"start":{"line":2,"column":10},"end":{"line":2,"column":31}},"1":{"start":{"line":4,"column":0},"end":{"line":369,"column":2}},"2":{"start":{"line":4,"column":38},"end":{"line":369,"column":1}},"3":{"start":{"line":6,"column":21},"end":{"line":16,"column":14}},"4":{"start":{"line":7,"column":16},"end":{"line":9,"column":17}},"5":{"start":{"line":8,"column":20},"end":{"line":8,"column":46}},"6":{"start":{"line":10,"column":16},"end":{"line":13,"column":18}},"7":{"start":{"line":23,"column":23},"end":{"line":23,"column":33}},"8":{"start":{"line":25,"column":20},"end":{"line":25,"column":39}},"9":{"start":{"line":26,"column":8},"end":{"line":26,"column":30}},"10":{"start":{"line":28,"column":21},"end":{"line":28,"column":42}},"11":{"start":{"line":29,"column":8},"end":{"line":29,"column":32}},"12":{"start":{"line":31,"column":8},"end":{"line":57,"column":15}},"13":{"start":{"line":43,"column":16},"end":{"line":51,"column":17}},"14":{"start":{"line":44,"column":20},"end":{"line":50,"column":23}},"15":{"start":{"line":53,"column":16},"end":{"line":56,"column":18}},"16":{"start":{"line":61,"column":23},"end":{"line":61,"column":33}},"17":{"start":{"line":63,"column":8},"end":{"line":78,"column":10}},"18":{"start":{"line":64,"column":12},"end":{"line":66,"column":13}},"19":{"start":{"line":65,"column":16},"end":{"line":65,"column":43}},"20":{"start":{"line":68,"column":12},"end":{"line":70,"column":13}},"21":{"start":{"line":69,"column":16},"end":{"line":69,"column":39}},"22":{"start":{"line":72,"column":12},"end":{"line":75,"column":14}},"23":{"start":{"line":82,"column":21},"end":{"line":82,"column":29}},"24":{"start":{"line":85,"column":8},"end":{"line":149,"column":15}},"25":{"start":{"line":95,"column":16},"end":{"line":103,"column":17}},"26":{"start":{"line":96,"column":20},"end":{"line":102,"column":23}},"27":{"start":{"line":106,"column":16},"end":{"line":106,"column":38}},"28":{"start":{"line":107,"column":16},"end":{"line":107,"column":96}},"29":{"start":{"line":108,"column":16},"end":{"line":116,"column":17}},"30":{"start":{"line":109,"column":20},"end":{"line":115,"column":23}},"31":{"start":{"line":117,"column":34},"end":{"line":123,"column":22}},"32":{"start":{"line":126,"column":16},"end":{"line":148,"column":18}},"33":{"start":{"line":127,"column":20},"end":{"line":135,"column":21}},"34":{"start":{"line":128,"column":24},"end":{"line":134,"column":26}},"35":{"start":{"line":136,"column":20},"end":{"line":143,"column":21}},"36":{"start":{"line":137,"column":24},"end":{"line":142,"column":26}},"37":{"start":{"line":144,"column":20},"end":{"line":147,"column":22}},"38":{"start":{"line":153,"column":23},"end":{"line":153,"column":33}},"39":{"start":{"line":154,"column":21},"end":{"line":154,"column":78}},"40":{"start":{"line":158,"column":8},"end":{"line":176,"column":9}},"41":{"start":{"line":160,"column":12},"end":{"line":167,"column":13}},"42":{"start":{"line":161,"column":16},"end":{"line":166,"column":18}},"43":{"start":{"line":170,"column":12},"end":{"line":175,"column":14}},"44":{"start":{"line":178,"column":8},"end":{"line":244,"column":15}},"45":{"start":{"line":181,"column":16},"end":{"line":189,"column":17}},"46":{"start":{"line":182,"column":20},"end":{"line":188,"column":23}},"47":{"start":{"line":190,"column":16},"end":{"line":198,"column":17}},"48":{"start":{"line":191,"column":20},"end":{"line":197,"column":23}},"49":{"start":{"line":201,"column":16},"end":{"line":213,"column":17}},"50":{"start":{"line":202,"column":20},"end":{"line":202,"column":63}},"51":{"start":{"line":203,"column":20},"end":{"line":205,"column":22}},"52":{"start":{"line":204,"column":24},"end":{"line":204,"column":55}},"53":{"start":{"line":207,"column":20},"end":{"line":212,"column":22}},"54":{"start":{"line":214,"column":29},"end":{"line":214,"column":72}},"55":{"start":{"line":215,"column":16},"end":{"line":243,"column":22}},"56":{"start":{"line":217,"column":24},"end":{"line":225,"column":25}},"57":{"start":{"line":218,"column":28},"end":{"line":224,"column":30}},"58":{"start":{"line":227,"column":24},"end":{"line":235,"column":25}},"59":{"start":{"line":228,"column":28},"end":{"line":234,"column":30}},"60":{"start":{"line":236,"column":24},"end":{"line":242,"column":27}},"61":{"start":{"line":248,"column":23},"end":{"line":248,"column":33}},"62":{"start":{"line":249,"column":8},"end":{"line":304,"column":14}},"63":{"start":{"line":255,"column":16},"end":{"line":263,"column":17}},"64":{"start":{"line":256,"column":20},"end":{"line":262,"column":22}},"65":{"start":{"line":264,"column":16},"end":{"line":271,"column":17}},"66":{"start":{"line":265,"column":20},"end":{"line":270,"column":22}},"67":{"start":{"line":273,"column":16},"end":{"line":273,"column":38}},"68":{"start":{"line":275,"column":16},"end":{"line":282,"column":17}},"69":{"start":{"line":276,"column":20},"end":{"line":281,"column":22}},"70":{"start":{"line":283,"column":28},"end":{"line":283,"column":32}},"71":{"start":{"line":284,"column":16},"end":{"line":287,"column":19}},"72":{"start":{"line":285,"column":38},"end":{"line":285,"column":98}},"73":{"start":{"line":286,"column":20},"end":{"line":286,"column":47}},"74":{"start":{"line":288,"column":16},"end":{"line":303,"column":18}},"75":{"start":{"line":289,"column":20},"end":{"line":297,"column":21}},"76":{"start":{"line":290,"column":24},"end":{"line":296,"column":26}},"77":{"start":{"line":299,"column":20},"end":{"line":302,"column":22}},"78":{"start":{"line":307,"column":23},"end":{"line":307,"column":33}},"79":{"start":{"line":309,"column":8},"end":{"line":365,"column":15}},"80":{"start":{"line":312,"column":16},"end":{"line":321,"column":17}},"81":{"start":{"line":314,"column":20},"end":{"line":320,"column":23}},"82":{"start":{"line":323,"column":16},"end":{"line":330,"column":17}},"83":{"start":{"line":324,"column":20},"end":{"line":329,"column":23}},"84":{"start":{"line":336,"column":16},"end":{"line":363,"column":18}},"85":{"start":{"line":337,"column":20},"end":{"line":346,"column":21}},"86":{"start":{"line":339,"column":24},"end":{"line":345,"column":27}},"87":{"start":{"line":348,"column":20},"end":{"line":356,"column":21}},"88":{"start":{"line":349,"column":24},"end":{"line":355,"column":27}},"89":{"start":{"line":357,"column":20},"end":{"line":362,"column":23}}},"fnMap":{"0":{"name":"(anonymous_0)","decl":{"start":{"line":4,"column":17},"end":{"line":4,"column":18}},"loc":{"start":{"line":4,"column":38},"end":{"line":369,"column":1}},"line":4},"1":{"name":"(anonymous_1)","decl":{"start":{"line":5,"column":9},"end":{"line":5,"column":10}},"loc":{"start":{"line":5,"column":28},"end":{"line":20,"column":5}},"line":5},"2":{"name":"(anonymous_2)","decl":{"start":{"line":6,"column":41},"end":{"line":6,"column":42}},"loc":{"start":{"line":6,"column":65},"end":{"line":16,"column":13}},"line":6},"3":{"name":"(anonymous_3)","decl":{"start":{"line":21,"column":26},"end":{"line":21,"column":27}},"loc":{"start":{"line":21,"column":45},"end":{"line":59,"column":5}},"line":21},"4":{"name":"(anonymous_4)","decl":{"start":{"line":42,"column":18},"end":{"line":42,"column":19}},"loc":{"start":{"line":42,"column":42},"end":{"line":57,"column":13}},"line":42},"5":{"name":"(anonymous_5)","decl":{"start":{"line":60,"column":14},"end":{"line":60,"column":15}},"loc":{"start":{"line":60,"column":28},"end":{"line":80,"column":5}},"line":60},"6":{"name":"(anonymous_6)","decl":{"start":{"line":63,"column":37},"end":{"line":63,"column":38}},"loc":{"start":{"line":63,"column":55},"end":{"line":78,"column":9}},"line":63},"7":{"name":"(anonymous_7)","decl":{"start":{"line":81,"column":10},"end":{"line":81,"column":11}},"loc":{"start":{"line":81,"column":29},"end":{"line":151,"column":5}},"line":81},"8":{"name":"(anonymous_8)","decl":{"start":{"line":94,"column":18},"end":{"line":94,"column":19}},"loc":{"start":{"line":94,"column":42},"end":{"line":149,"column":13}},"line":94},"9":{"name":"(anonymous_9)","decl":{"start":{"line":126,"column":37},"end":{"line":126,"column":38}},"loc":{"start":{"line":126,"column":55},"end":{"line":148,"column":17}},"line":126},"10":{"name":"(anonymous_10)","decl":{"start":{"line":152,"column":9},"end":{"line":152,"column":10}},"loc":{"start":{"line":152,"column":28},"end":{"line":246,"column":5}},"line":152},"11":{"name":"(anonymous_11)","decl":{"start":{"line":180,"column":18},"end":{"line":180,"column":19}},"loc":{"start":{"line":180,"column":42},"end":{"line":244,"column":13}},"line":180},"12":{"name":"(anonymous_12)","decl":{"start":{"line":203,"column":47},"end":{"line":203,"column":48}},"loc":{"start":{"line":203,"column":57},"end":{"line":205,"column":21}},"line":203},"13":{"name":"(anonymous_13)","decl":{"start":{"line":216,"column":79},"end":{"line":216,"column":80}},"loc":{"start":{"line":216,"column":102},"end":{"line":243,"column":21}},"line":216},"14":{"name":"(anonymous_14)","decl":{"start":{"line":247,"column":22},"end":{"line":247,"column":23}},"loc":{"start":{"line":247,"column":41},"end":{"line":305,"column":5}},"line":247},"15":{"name":"(anonymous_15)","decl":{"start":{"line":254,"column":18},"end":{"line":254,"column":19}},"loc":{"start":{"line":254,"column":43},"end":{"line":304,"column":13}},"line":254},"16":{"name":"(anonymous_16)","decl":{"start":{"line":284,"column":49},"end":{"line":284,"column":50}},"loc":{"start":{"line":284,"column":60},"end":{"line":287,"column":17}},"line":284},"17":{"name":"(anonymous_17)","decl":{"start":{"line":288,"column":89},"end":{"line":288,"column":90}},"loc":{"start":{"line":288,"column":112},"end":{"line":303,"column":17}},"line":288},"18":{"name":"(anonymous_18)","decl":{"start":{"line":306,"column":12},"end":{"line":306,"column":13}},"loc":{"start":{"line":306,"column":26},"end":{"line":368,"column":5}},"line":306},"19":{"name":"(anonymous_19)","decl":{"start":{"line":311,"column":18},"end":{"line":311,"column":19}},"loc":{"start":{"line":311,"column":42},"end":{"line":365,"column":13}},"line":311},"20":{"name":"(anonymous_20)","decl":{"start":{"line":336,"column":86},"end":{"line":336,"column":87}},"loc":{"start":{"line":336,"column":104},"end":{"line":363,"column":17}},"line":336}},"branchMap":{"0":{"loc":{"start":{"line":7,"column":16},"end":{"line":9,"column":17}},"type":"if","locations":[{"start":{"line":7,"column":16},"end":{"line":9,"column":17}},{"start":{"line":7,"column":16},"end":{"line":9,"column":17}}],"line":7},"1":{"loc":{"start":{"line":25,"column":20},"end":{"line":25,"column":39}},"type":"binary-expr","locations":[{"start":{"line":25,"column":20},"end":{"line":25,"column":34}},{"start":{"line":25,"column":38},"end":{"line":25,"column":39}}],"line":25},"2":{"loc":{"start":{"line":28,"column":21},"end":{"line":28,"column":42}},"type":"binary-expr","locations":[{"start":{"line":28,"column":21},"end":{"line":28,"column":37}},{"start":{"line":28,"column":41},"end":{"line":28,"column":42}}],"line":28},"3":{"loc":{"start":{"line":43,"column":16},"end":{"line":51,"column":17}},"type":"if","locations":[{"start":{"line":43,"column":16},"end":{"line":51,"column":17}},{"start":{"line":43,"column":16},"end":{"line":51,"column":17}}],"line":43},"4":{"loc":{"start":{"line":64,"column":12},"end":{"line":66,"column":13}},"type":"if","locations":[{"start":{"line":64,"column":12},"end":{"line":66,"column":13}},{"start":{"line":64,"column":12},"end":{"line":66,"column":13}}],"line":64},"5":{"loc":{"start":{"line":68,"column":12},"end":{"line":70,"column":13}},"type":"if","locations":[{"start":{"line":68,"column":12},"end":{"line":70,"column":13}},{"start":{"line":68,"column":12},"end":{"line":70,"column":13}}],"line":68},"6":{"loc":{"start":{"line":95,"column":16},"end":{"line":103,"column":17}},"type":"if","locations":[{"start":{"line":95,"column":16},"end":{"line":103,"column":17}},{"start":{"line":95,"column":16},"end":{"line":103,"column":17}}],"line":95},"7":{"loc":{"start":{"line":107,"column":16},"end":{"line":107,"column":96}},"type":"cond-expr","locations":[{"start":{"line":107,"column":50},"end":{"line":107,"column":78}},{"start":{"line":107,"column":83},"end":{"line":107,"column":95}}],"line":107},"8":{"loc":{"start":{"line":108,"column":16},"end":{"line":116,"column":17}},"type":"if","locations":[{"start":{"line":108,"column":16},"end":{"line":116,"column":17}},{"start":{"line":108,"column":16},"end":{"line":116,"column":17}}],"line":108},"9":{"loc":{"start":{"line":108,"column":20},"end":{"line":108,"column":36}},"type":"binary-expr","locations":[{"start":{"line":108,"column":20},"end":{"line":108,"column":28}},{"start":{"line":108,"column":32},"end":{"line":108,"column":36}}],"line":108},"10":{"loc":{"start":{"line":127,"column":20},"end":{"line":135,"column":21}},"type":"if","locations":[{"start":{"line":127,"column":20},"end":{"line":135,"column":21}},{"start":{"line":127,"column":20},"end":{"line":135,"column":21}}],"line":127},"11":{"loc":{"start":{"line":136,"column":20},"end":{"line":143,"column":21}},"type":"if","locations":[{"start":{"line":136,"column":20},"end":{"line":143,"column":21}},{"start":{"line":136,"column":20},"end":{"line":143,"column":21}}],"line":136},"12":{"loc":{"start":{"line":160,"column":12},"end":{"line":167,"column":13}},"type":"if","locations":[{"start":{"line":160,"column":12},"end":{"line":167,"column":13}},{"start":{"line":160,"column":12},"end":{"line":167,"column":13}}],"line":160},"13":{"loc":{"start":{"line":181,"column":16},"end":{"line":189,"column":17}},"type":"if","locations":[{"start":{"line":181,"column":16},"end":{"line":189,"column":17}},{"start":{"line":181,"column":16},"end":{"line":189,"column":17}}],"line":181},"14":{"loc":{"start":{"line":190,"column":16},"end":{"line":198,"column":17}},"type":"if","locations":[{"start":{"line":190,"column":16},"end":{"line":198,"column":17}},{"start":{"line":190,"column":16},"end":{"line":198,"column":17}}],"line":190},"15":{"loc":{"start":{"line":190,"column":20},"end":{"line":190,"column":55}},"type":"binary-expr","locations":[{"start":{"line":190,"column":20},"end":{"line":190,"column":29}},{"start":{"line":190,"column":34},"end":{"line":190,"column":54}}],"line":190},"16":{"loc":{"start":{"line":217,"column":24},"end":{"line":225,"column":25}},"type":"if","locations":[{"start":{"line":217,"column":24},"end":{"line":225,"column":25}},{"start":{"line":217,"column":24},"end":{"line":225,"column":25}}],"line":217},"17":{"loc":{"start":{"line":227,"column":24},"end":{"line":235,"column":25}},"type":"if","locations":[{"start":{"line":227,"column":24},"end":{"line":235,"column":25}},{"start":{"line":227,"column":24},"end":{"line":235,"column":25}}],"line":227},"18":{"loc":{"start":{"line":227,"column":28},"end":{"line":227,"column":61}},"type":"binary-expr","locations":[{"start":{"line":227,"column":28},"end":{"line":227,"column":36}},{"start":{"line":227,"column":41},"end":{"line":227,"column":60}}],"line":227},"19":{"loc":{"start":{"line":255,"column":16},"end":{"line":263,"column":17}},"type":"if","locations":[{"start":{"line":255,"column":16},"end":{"line":263,"column":17}},{"start":{"line":255,"column":16},"end":{"line":263,"column":17}}],"line":255},"20":{"loc":{"start":{"line":264,"column":16},"end":{"line":271,"column":17}},"type":"if","locations":[{"start":{"line":264,"column":16},"end":{"line":271,"column":17}},{"start":{"line":264,"column":16},"end":{"line":271,"column":17}}],"line":264},"21":{"loc":{"start":{"line":275,"column":16},"end":{"line":282,"column":17}},"type":"if","locations":[{"start":{"line":275,"column":16},"end":{"line":282,"column":17}},{"start":{"line":275,"column":16},"end":{"line":282,"column":17}}],"line":275},"22":{"loc":{"start":{"line":289,"column":20},"end":{"line":297,"column":21}},"type":"if","locations":[{"start":{"line":289,"column":20},"end":{"line":297,"column":21}},{"start":{"line":289,"column":20},"end":{"line":297,"column":21}}],"line":289},"23":{"loc":{"start":{"line":312,"column":16},"end":{"line":321,"column":17}},"type":"if","locations":[{"start":{"line":312,"column":16},"end":{"line":321,"column":17}},{"start":{"line":312,"column":16},"end":{"line":321,"column":17}}],"line":312},"24":{"loc":{"start":{"line":323,"column":16},"end":{"line":330,"column":17}},"type":"if","locations":[{"start":{"line":323,"column":16},"end":{"line":330,"column":17}},{"start":{"line":323,"column":16},"end":{"line":330,"column":17}}],"line":323},"25":{"loc":{"start":{"line":323,"column":20},"end":{"line":323,"column":55}},"type":"binary-expr","locations":[{"start":{"line":323,"column":20},"end":{"line":323,"column":29}},{"start":{"line":323,"column":34},"end":{"line":323,"column":54}}],"line":323},"26":{"loc":{"start":{"line":337,"column":20},"end":{"line":346,"column":21}},"type":"if","locations":[{"start":{"line":337,"column":20},"end":{"line":346,"column":21}},{"start":{"line":337,"column":20},"end":{"line":346,"column":21}}],"line":337},"27":{"loc":{"start":{"line":348,"column":20},"end":{"line":356,"column":21}},"type":"if","locations":[{"start":{"line":348,"column":20},"end":{"line":356,"column":21}},{"start":{"line":348,"column":20},"end":{"line":356,"column":21}}],"line":348}},"s":{"0":1,"1":1,"2":23,"3":3,"4":3,"5":1,"6":2,"7":2,"8":2,"9":2,"10":2,"11":2,"12":2,"13":2,"14":1,"15":1,"16":2,"17":2,"18":2,"19":1,"20":1,"21":1,"22":0,"23":3,"24":3,"25":3,"26":1,"27":2,"28":2,"29":1,"30":1,"31":0,"32":0,"33":0,"34":0,"35":0,"36":0,"37":0,"38":8,"39":8,"40":8,"41":8,"42":1,"43":2,"44":5,"45":5,"46":1,"47":4,"48":1,"49":3,"50":3,"51":3,"52":3,"53":0,"54":3,"55":3,"56":3,"57":1,"58":2,"59":1,"60":1,"61":0,"62":0,"63":0,"64":0,"65":0,"66":0,"67":0,"68":0,"69":0,"70":0,"71":0,"72":0,"73":0,"74":0,"75":0,"76":0,"77":0,"78":5,"79":5,"80":5,"81":1,"82":4,"83":1,"84":3,"85":3,"86":1,"87":2,"88":1,"89":1},"f":{"0":23,"1":3,"2":3,"3":2,"4":2,"5":2,"6":2,"7":3,"8":3,"9":0,"10":8,"11":5,"12":3,"13":3,"14":0,"15":0,"16":0,"17":0,"18":5,"19":5,"20":3},"b":{"0":[1,2],"1":[2,2],"2":[2,0],"3":[1,1],"4":[1,1],"5":[1,0],"6":[1,2],"7":[2,0],"8":[1,0],"9":[1,1],"10":[0,0],"11":[0,0],"12":[1,5],"13":[1,4],"14":[1,3],"15":[4,4],"16":[1,2],"17":[1,1],"18":[2,2],"19":[0,0],"20":[0,0],"21":[0,0],"22":[0,0],"23":[1,4],"24":[1,3],"25":[4,3],"26":[1,2],"27":[1,1]},"_coverageSchema":"43e27e138ebf9cfc5966b082cf9a028302ed4184","hash":"75bbedef5623c5f7169c107506fcd37760d8c43e"}
,"D:\\zup_test_back\\cloud_computing\\server\\endpoints\\services\\index.js": {"path":"D:\\zup_test_back\\cloud_computing\\server\\endpoints\\services\\index.js","statementMap":{"0":{"start":{"line":1,"column":10},"end":{"line":1,"column":31}},"1":{"start":{"line":3,"column":0},"end":{"line":100,"column":2}},"2":{"start":{"line":3,"column":38},"end":{"line":100,"column":1}},"3":{"start":{"line":5,"column":21},"end":{"line":15,"column":14}},"4":{"start":{"line":6,"column":16},"end":{"line":8,"column":17}},"5":{"start":{"line":7,"column":20},"end":{"line":7,"column":46}},"6":{"start":{"line":9,"column":16},"end":{"line":12,"column":18}},"7":{"start":{"line":21,"column":23},"end":{"line":21,"column":33}},"8":{"start":{"line":23,"column":8},"end":{"line":38,"column":10}},"9":{"start":{"line":24,"column":12},"end":{"line":26,"column":13}},"10":{"start":{"line":25,"column":16},"end":{"line":25,"column":43}},"11":{"start":{"line":28,"column":12},"end":{"line":30,"column":13}},"12":{"start":{"line":29,"column":16},"end":{"line":29,"column":39}},"13":{"start":{"line":32,"column":12},"end":{"line":35,"column":14}},"14":{"start":{"line":42,"column":21},"end":{"line":42,"column":29}},"15":{"start":{"line":43,"column":26},"end":{"line":49,"column":10}},"16":{"start":{"line":51,"column":8},"end":{"line":63,"column":10}},"17":{"start":{"line":52,"column":12},"end":{"line":55,"column":13}},"18":{"start":{"line":54,"column":16},"end":{"line":54,"column":42}},"19":{"start":{"line":56,"column":12},"end":{"line":58,"column":13}},"20":{"start":{"line":57,"column":16},"end":{"line":57,"column":42}},"21":{"start":{"line":59,"column":12},"end":{"line":62,"column":14}},"22":{"start":{"line":67,"column":23},"end":{"line":67,"column":33}},"23":{"start":{"line":68,"column":19},"end":{"line":68,"column":54}},"24":{"start":{"line":71,"column":8},"end":{"line":81,"column":14}},"25":{"start":{"line":73,"column":16},"end":{"line":75,"column":17}},"26":{"start":{"line":74,"column":20},"end":{"line":74,"column":46}},"27":{"start":{"line":77,"column":16},"end":{"line":79,"column":17}},"28":{"start":{"line":78,"column":20},"end":{"line":78,"column":46}},"29":{"start":{"line":80,"column":16},"end":{"line":80,"column":36}},"30":{"start":{"line":85,"column":23},"end":{"line":85,"column":33}},"31":{"start":{"line":86,"column":8},"end":{"line":96,"column":10}},"32":{"start":{"line":87,"column":12},"end":{"line":90,"column":13}},"33":{"start":{"line":88,"column":16},"end":{"line":88,"column":33}},"34":{"start":{"line":89,"column":16},"end":{"line":89,"column":42}},"35":{"start":{"line":92,"column":12},"end":{"line":94,"column":13}},"36":{"start":{"line":93,"column":16},"end":{"line":93,"column":42}},"37":{"start":{"line":95,"column":12},"end":{"line":95,"column":32}}},"fnMap":{"0":{"name":"(anonymous_0)","decl":{"start":{"line":3,"column":17},"end":{"line":3,"column":18}},"loc":{"start":{"line":3,"column":38},"end":{"line":100,"column":1}},"line":3},"1":{"name":"(anonymous_1)","decl":{"start":{"line":4,"column":9},"end":{"line":4,"column":10}},"loc":{"start":{"line":4,"column":28},"end":{"line":19,"column":5}},"line":4},"2":{"name":"(anonymous_2)","decl":{"start":{"line":5,"column":41},"end":{"line":5,"column":42}},"loc":{"start":{"line":5,"column":65},"end":{"line":15,"column":13}},"line":5},"3":{"name":"(anonymous_3)","decl":{"start":{"line":20,"column":14},"end":{"line":20,"column":15}},"loc":{"start":{"line":20,"column":28},"end":{"line":40,"column":5}},"line":20},"4":{"name":"(anonymous_4)","decl":{"start":{"line":23,"column":37},"end":{"line":23,"column":38}},"loc":{"start":{"line":23,"column":55},"end":{"line":38,"column":9}},"line":23},"5":{"name":"(anonymous_5)","decl":{"start":{"line":41,"column":10},"end":{"line":41,"column":11}},"loc":{"start":{"line":41,"column":29},"end":{"line":65,"column":5}},"line":41},"6":{"name":"(anonymous_6)","decl":{"start":{"line":51,"column":29},"end":{"line":51,"column":30}},"loc":{"start":{"line":51,"column":47},"end":{"line":63,"column":9}},"line":51},"7":{"name":"(anonymous_7)","decl":{"start":{"line":66,"column":9},"end":{"line":66,"column":10}},"loc":{"start":{"line":66,"column":28},"end":{"line":83,"column":5}},"line":66},"8":{"name":"(anonymous_8)","decl":{"start":{"line":72,"column":58},"end":{"line":72,"column":59}},"loc":{"start":{"line":72,"column":81},"end":{"line":81,"column":13}},"line":72},"9":{"name":"(anonymous_9)","decl":{"start":{"line":84,"column":12},"end":{"line":84,"column":13}},"loc":{"start":{"line":84,"column":26},"end":{"line":99,"column":5}},"line":84},"10":{"name":"(anonymous_10)","decl":{"start":{"line":86,"column":78},"end":{"line":86,"column":79}},"loc":{"start":{"line":86,"column":96},"end":{"line":96,"column":9}},"line":86}},"branchMap":{"0":{"loc":{"start":{"line":6,"column":16},"end":{"line":8,"column":17}},"type":"if","locations":[{"start":{"line":6,"column":16},"end":{"line":8,"column":17}},{"start":{"line":6,"column":16},"end":{"line":8,"column":17}}],"line":6},"1":{"loc":{"start":{"line":24,"column":12},"end":{"line":26,"column":13}},"type":"if","locations":[{"start":{"line":24,"column":12},"end":{"line":26,"column":13}},{"start":{"line":24,"column":12},"end":{"line":26,"column":13}}],"line":24},"2":{"loc":{"start":{"line":28,"column":12},"end":{"line":30,"column":13}},"type":"if","locations":[{"start":{"line":28,"column":12},"end":{"line":30,"column":13}},{"start":{"line":28,"column":12},"end":{"line":30,"column":13}}],"line":28},"3":{"loc":{"start":{"line":52,"column":12},"end":{"line":55,"column":13}},"type":"if","locations":[{"start":{"line":52,"column":12},"end":{"line":55,"column":13}},{"start":{"line":52,"column":12},"end":{"line":55,"column":13}}],"line":52},"4":{"loc":{"start":{"line":56,"column":12},"end":{"line":58,"column":13}},"type":"if","locations":[{"start":{"line":56,"column":12},"end":{"line":58,"column":13}},{"start":{"line":56,"column":12},"end":{"line":58,"column":13}}],"line":56},"5":{"loc":{"start":{"line":73,"column":16},"end":{"line":75,"column":17}},"type":"if","locations":[{"start":{"line":73,"column":16},"end":{"line":75,"column":17}},{"start":{"line":73,"column":16},"end":{"line":75,"column":17}}],"line":73},"6":{"loc":{"start":{"line":77,"column":16},"end":{"line":79,"column":17}},"type":"if","locations":[{"start":{"line":77,"column":16},"end":{"line":79,"column":17}},{"start":{"line":77,"column":16},"end":{"line":79,"column":17}}],"line":77},"7":{"loc":{"start":{"line":87,"column":12},"end":{"line":90,"column":13}},"type":"if","locations":[{"start":{"line":87,"column":12},"end":{"line":90,"column":13}},{"start":{"line":87,"column":12},"end":{"line":90,"column":13}}],"line":87},"8":{"loc":{"start":{"line":92,"column":12},"end":{"line":94,"column":13}},"type":"if","locations":[{"start":{"line":92,"column":12},"end":{"line":94,"column":13}},{"start":{"line":92,"column":12},"end":{"line":94,"column":13}}],"line":92}},"s":{"0":1,"1":1,"2":14,"3":3,"4":3,"5":1,"6":2,"7":2,"8":2,"9":2,"10":1,"11":1,"12":1,"13":0,"14":3,"15":3,"16":3,"17":3,"18":1,"19":2,"20":1,"21":1,"22":3,"23":3,"24":3,"25":3,"26":1,"27":2,"28":1,"29":1,"30":3,"31":3,"32":3,"33":1,"34":1,"35":2,"36":1,"37":1},"f":{"0":14,"1":3,"2":3,"3":2,"4":2,"5":3,"6":3,"7":3,"8":3,"9":3,"10":3},"b":{"0":[1,2],"1":[1,1],"2":[1,0],"3":[1,2],"4":[1,1],"5":[1,2],"6":[1,1],"7":[1,2],"8":[1,1]},"_coverageSchema":"43e27e138ebf9cfc5966b082cf9a028302ed4184","hash":"c349ff06a809d8dc221e3055ea48ec57c526620a"}
,"D:\\zup_test_back\\cloud_computing\\server\\endpoints\\users\\index.js": {"path":"D:\\zup_test_back\\cloud_computing\\server\\endpoints\\users\\index.js","statementMap":{"0":{"start":{"line":2,"column":10},"end":{"line":2,"column":31}},"1":{"start":{"line":5,"column":0},"end":{"line":104,"column":2}},"2":{"start":{"line":5,"column":46},"end":{"line":104,"column":1}},"3":{"start":{"line":8,"column":8},"end":{"line":20,"column":10}},"4":{"start":{"line":9,"column":12},"end":{"line":11,"column":13}},"5":{"start":{"line":10,"column":16},"end":{"line":10,"column":43}},"6":{"start":{"line":14,"column":12},"end":{"line":17,"column":14}},"7":{"start":{"line":25,"column":23},"end":{"line":25,"column":33}},"8":{"start":{"line":27,"column":8},"end":{"line":42,"column":10}},"9":{"start":{"line":28,"column":12},"end":{"line":30,"column":13}},"10":{"start":{"line":29,"column":16},"end":{"line":29,"column":43}},"11":{"start":{"line":32,"column":12},"end":{"line":34,"column":13}},"12":{"start":{"line":33,"column":16},"end":{"line":33,"column":39}},"13":{"start":{"line":36,"column":12},"end":{"line":39,"column":14}},"14":{"start":{"line":45,"column":21},"end":{"line":45,"column":29}},"15":{"start":{"line":46,"column":24},"end":{"line":51,"column":10}},"16":{"start":{"line":55,"column":8},"end":{"line":67,"column":10}},"17":{"start":{"line":56,"column":12},"end":{"line":59,"column":13}},"18":{"start":{"line":58,"column":16},"end":{"line":58,"column":42}},"19":{"start":{"line":60,"column":12},"end":{"line":62,"column":13}},"20":{"start":{"line":61,"column":16},"end":{"line":61,"column":42}},"21":{"start":{"line":63,"column":12},"end":{"line":66,"column":14}},"22":{"start":{"line":72,"column":23},"end":{"line":72,"column":33}},"23":{"start":{"line":73,"column":19},"end":{"line":73,"column":81}},"24":{"start":{"line":77,"column":8},"end":{"line":87,"column":14}},"25":{"start":{"line":79,"column":16},"end":{"line":81,"column":17}},"26":{"start":{"line":80,"column":20},"end":{"line":80,"column":46}},"27":{"start":{"line":83,"column":16},"end":{"line":85,"column":17}},"28":{"start":{"line":84,"column":20},"end":{"line":84,"column":46}},"29":{"start":{"line":86,"column":16},"end":{"line":86,"column":36}},"30":{"start":{"line":91,"column":23},"end":{"line":91,"column":33}},"31":{"start":{"line":92,"column":8},"end":{"line":101,"column":10}},"32":{"start":{"line":93,"column":12},"end":{"line":95,"column":13}},"33":{"start":{"line":94,"column":16},"end":{"line":94,"column":42}},"34":{"start":{"line":97,"column":12},"end":{"line":99,"column":13}},"35":{"start":{"line":98,"column":16},"end":{"line":98,"column":42}},"36":{"start":{"line":100,"column":12},"end":{"line":100,"column":32}}},"fnMap":{"0":{"name":"(anonymous_0)","decl":{"start":{"line":5,"column":17},"end":{"line":5,"column":18}},"loc":{"start":{"line":5,"column":46},"end":{"line":104,"column":1}},"line":5},"1":{"name":"(anonymous_1)","decl":{"start":{"line":6,"column":9},"end":{"line":6,"column":10}},"loc":{"start":{"line":6,"column":28},"end":{"line":22,"column":5}},"line":6},"2":{"name":"(anonymous_2)","decl":{"start":{"line":8,"column":28},"end":{"line":8,"column":29}},"loc":{"start":{"line":8,"column":53},"end":{"line":20,"column":9}},"line":8},"3":{"name":"(anonymous_3)","decl":{"start":{"line":24,"column":14},"end":{"line":24,"column":15}},"loc":{"start":{"line":24,"column":28},"end":{"line":43,"column":5}},"line":24},"4":{"name":"(anonymous_4)","decl":{"start":{"line":27,"column":37},"end":{"line":27,"column":38}},"loc":{"start":{"line":27,"column":57},"end":{"line":42,"column":9}},"line":27},"5":{"name":"(anonymous_5)","decl":{"start":{"line":44,"column":10},"end":{"line":44,"column":11}},"loc":{"start":{"line":44,"column":29},"end":{"line":70,"column":5}},"line":44},"6":{"name":"(anonymous_6)","decl":{"start":{"line":55,"column":27},"end":{"line":55,"column":28}},"loc":{"start":{"line":55,"column":47},"end":{"line":67,"column":9}},"line":55},"7":{"name":"(anonymous_7)","decl":{"start":{"line":71,"column":9},"end":{"line":71,"column":10}},"loc":{"start":{"line":71,"column":28},"end":{"line":89,"column":5}},"line":71},"8":{"name":"(anonymous_8)","decl":{"start":{"line":78,"column":58},"end":{"line":78,"column":59}},"loc":{"start":{"line":78,"column":83},"end":{"line":87,"column":13}},"line":78},"9":{"name":"(anonymous_9)","decl":{"start":{"line":90,"column":12},"end":{"line":90,"column":13}},"loc":{"start":{"line":90,"column":26},"end":{"line":103,"column":5}},"line":90},"10":{"name":"(anonymous_10)","decl":{"start":{"line":92,"column":78},"end":{"line":92,"column":79}},"loc":{"start":{"line":92,"column":98},"end":{"line":101,"column":9}},"line":92}},"branchMap":{"0":{"loc":{"start":{"line":9,"column":12},"end":{"line":11,"column":13}},"type":"if","locations":[{"start":{"line":9,"column":12},"end":{"line":11,"column":13}},{"start":{"line":9,"column":12},"end":{"line":11,"column":13}}],"line":9},"1":{"loc":{"start":{"line":28,"column":12},"end":{"line":30,"column":13}},"type":"if","locations":[{"start":{"line":28,"column":12},"end":{"line":30,"column":13}},{"start":{"line":28,"column":12},"end":{"line":30,"column":13}}],"line":28},"2":{"loc":{"start":{"line":32,"column":12},"end":{"line":34,"column":13}},"type":"if","locations":[{"start":{"line":32,"column":12},"end":{"line":34,"column":13}},{"start":{"line":32,"column":12},"end":{"line":34,"column":13}}],"line":32},"3":{"loc":{"start":{"line":56,"column":12},"end":{"line":59,"column":13}},"type":"if","locations":[{"start":{"line":56,"column":12},"end":{"line":59,"column":13}},{"start":{"line":56,"column":12},"end":{"line":59,"column":13}}],"line":56},"4":{"loc":{"start":{"line":60,"column":12},"end":{"line":62,"column":13}},"type":"if","locations":[{"start":{"line":60,"column":12},"end":{"line":62,"column":13}},{"start":{"line":60,"column":12},"end":{"line":62,"column":13}}],"line":60},"5":{"loc":{"start":{"line":79,"column":16},"end":{"line":81,"column":17}},"type":"if","locations":[{"start":{"line":79,"column":16},"end":{"line":81,"column":17}},{"start":{"line":79,"column":16},"end":{"line":81,"column":17}}],"line":79},"6":{"loc":{"start":{"line":83,"column":16},"end":{"line":85,"column":17}},"type":"if","locations":[{"start":{"line":83,"column":16},"end":{"line":85,"column":17}},{"start":{"line":83,"column":16},"end":{"line":85,"column":17}}],"line":83},"7":{"loc":{"start":{"line":93,"column":12},"end":{"line":95,"column":13}},"type":"if","locations":[{"start":{"line":93,"column":12},"end":{"line":95,"column":13}},{"start":{"line":93,"column":12},"end":{"line":95,"column":13}}],"line":93},"8":{"loc":{"start":{"line":97,"column":12},"end":{"line":99,"column":13}},"type":"if","locations":[{"start":{"line":97,"column":12},"end":{"line":99,"column":13}},{"start":{"line":97,"column":12},"end":{"line":99,"column":13}}],"line":97}},"s":{"0":1,"1":1,"2":14,"3":3,"4":3,"5":1,"6":2,"7":2,"8":2,"9":2,"10":1,"11":1,"12":1,"13":0,"14":3,"15":3,"16":3,"17":3,"18":1,"19":2,"20":1,"21":1,"22":3,"23":3,"24":3,"25":3,"26":1,"27":2,"28":1,"29":1,"30":3,"31":3,"32":3,"33":1,"34":2,"35":1,"36":1},"f":{"0":14,"1":3,"2":3,"3":2,"4":2,"5":3,"6":3,"7":3,"8":3,"9":3,"10":3},"b":{"0":[1,2],"1":[1,1],"2":[1,0],"3":[1,2],"4":[1,1],"5":[1,2],"6":[1,1],"7":[1,2],"8":[1,1]},"_coverageSchema":"43e27e138ebf9cfc5966b082cf9a028302ed4184","hash":"2907552d1947d5949f893bd9a1dfd549e807218c"}
}
