{"D:\\zup_test_back\\cloud_computing\\server\\endpoints\\clients\\index.js": {"path":"D:\\zup_test_back\\cloud_computing\\server\\endpoints\\clients\\index.js","statementMap":{"0":{"start":{"line":2,"column":10},"end":{"line":2,"column":31}},"1":{"start":{"line":5,"column":0},"end":{"line":105,"column":2}},"2":{"start":{"line":5,"column":38},"end":{"line":105,"column":1}},"3":{"start":{"line":8,"column":21},"end":{"line":20,"column":10}},"4":{"start":{"line":9,"column":12},"end":{"line":11,"column":13}},"5":{"start":{"line":10,"column":16},"end":{"line":10,"column":43}},"6":{"start":{"line":14,"column":12},"end":{"line":17,"column":14}},"7":{"start":{"line":25,"column":23},"end":{"line":25,"column":33}},"8":{"start":{"line":27,"column":8},"end":{"line":42,"column":10}},"9":{"start":{"line":28,"column":12},"end":{"line":30,"column":13}},"10":{"start":{"line":29,"column":16},"end":{"line":29,"column":43}},"11":{"start":{"line":32,"column":12},"end":{"line":34,"column":13}},"12":{"start":{"line":33,"column":16},"end":{"line":33,"column":39}},"13":{"start":{"line":36,"column":12},"end":{"line":39,"column":14}},"14":{"start":{"line":45,"column":21},"end":{"line":45,"column":29}},"15":{"start":{"line":46,"column":24},"end":{"line":53,"column":10}},"16":{"start":{"line":57,"column":8},"end":{"line":69,"column":10}},"17":{"start":{"line":58,"column":12},"end":{"line":61,"column":13}},"18":{"start":{"line":60,"column":16},"end":{"line":60,"column":42}},"19":{"start":{"line":62,"column":12},"end":{"line":64,"column":13}},"20":{"start":{"line":63,"column":16},"end":{"line":63,"column":42}},"21":{"start":{"line":65,"column":12},"end":{"line":68,"column":14}},"22":{"start":{"line":74,"column":23},"end":{"line":74,"column":33}},"23":{"start":{"line":75,"column":19},"end":{"line":75,"column":56}},"24":{"start":{"line":78,"column":8},"end":{"line":88,"column":14}},"25":{"start":{"line":80,"column":16},"end":{"line":82,"column":17}},"26":{"start":{"line":81,"column":20},"end":{"line":81,"column":46}},"27":{"start":{"line":84,"column":16},"end":{"line":86,"column":17}},"28":{"start":{"line":85,"column":20},"end":{"line":85,"column":46}},"29":{"start":{"line":87,"column":16},"end":{"line":87,"column":36}},"30":{"start":{"line":92,"column":23},"end":{"line":92,"column":33}},"31":{"start":{"line":93,"column":8},"end":{"line":102,"column":10}},"32":{"start":{"line":94,"column":12},"end":{"line":96,"column":13}},"33":{"start":{"line":95,"column":16},"end":{"line":95,"column":42}},"34":{"start":{"line":98,"column":12},"end":{"line":100,"column":13}},"35":{"start":{"line":99,"column":16},"end":{"line":99,"column":42}},"36":{"start":{"line":101,"column":12},"end":{"line":101,"column":32}}},"fnMap":{"0":{"name":"(anonymous_0)","decl":{"start":{"line":5,"column":17},"end":{"line":5,"column":18}},"loc":{"start":{"line":5,"column":38},"end":{"line":105,"column":1}},"line":5},"1":{"name":"(anonymous_1)","decl":{"start":{"line":6,"column":9},"end":{"line":6,"column":10}},"loc":{"start":{"line":6,"column":28},"end":{"line":22,"column":5}},"line":6},"2":{"name":"(anonymous_2)","decl":{"start":{"line":8,"column":41},"end":{"line":8,"column":42}},"loc":{"start":{"line":8,"column":65},"end":{"line":20,"column":9}},"line":8},"3":{"name":"(anonymous_3)","decl":{"start":{"line":24,"column":14},"end":{"line":24,"column":15}},"loc":{"start":{"line":24,"column":28},"end":{"line":43,"column":5}},"line":24},"4":{"name":"(anonymous_4)","decl":{"start":{"line":27,"column":37},"end":{"line":27,"column":38}},"loc":{"start":{"line":27,"column":56},"end":{"line":42,"column":9}},"line":27},"5":{"name":"(anonymous_5)","decl":{"start":{"line":44,"column":10},"end":{"line":44,"column":11}},"loc":{"start":{"line":44,"column":29},"end":{"line":72,"column":5}},"line":44},"6":{"name":"(anonymous_6)","decl":{"start":{"line":57,"column":27},"end":{"line":57,"column":28}},"loc":{"start":{"line":57,"column":47},"end":{"line":69,"column":9}},"line":57},"7":{"name":"(anonymous_7)","decl":{"start":{"line":73,"column":9},"end":{"line":73,"column":10}},"loc":{"start":{"line":73,"column":28},"end":{"line":90,"column":5}},"line":73},"8":{"name":"(anonymous_8)","decl":{"start":{"line":79,"column":58},"end":{"line":79,"column":59}},"loc":{"start":{"line":79,"column":83},"end":{"line":88,"column":13}},"line":79},"9":{"name":"(anonymous_9)","decl":{"start":{"line":91,"column":12},"end":{"line":91,"column":13}},"loc":{"start":{"line":91,"column":26},"end":{"line":104,"column":5}},"line":91},"10":{"name":"(anonymous_10)","decl":{"start":{"line":93,"column":78},"end":{"line":93,"column":79}},"loc":{"start":{"line":93,"column":98},"end":{"line":102,"column":9}},"line":93}},"branchMap":{"0":{"loc":{"start":{"line":9,"column":12},"end":{"line":11,"column":13}},"type":"if","locations":[{"start":{"line":9,"column":12},"end":{"line":11,"column":13}},{"start":{"line":9,"column":12},"end":{"line":11,"column":13}}],"line":9},"1":{"loc":{"start":{"line":28,"column":12},"end":{"line":30,"column":13}},"type":"if","locations":[{"start":{"line":28,"column":12},"end":{"line":30,"column":13}},{"start":{"line":28,"column":12},"end":{"line":30,"column":13}}],"line":28},"2":{"loc":{"start":{"line":32,"column":12},"end":{"line":34,"column":13}},"type":"if","locations":[{"start":{"line":32,"column":12},"end":{"line":34,"column":13}},{"start":{"line":32,"column":12},"end":{"line":34,"column":13}}],"line":32},"3":{"loc":{"start":{"line":58,"column":12},"end":{"line":61,"column":13}},"type":"if","locations":[{"start":{"line":58,"column":12},"end":{"line":61,"column":13}},{"start":{"line":58,"column":12},"end":{"line":61,"column":13}}],"line":58},"4":{"loc":{"start":{"line":62,"column":12},"end":{"line":64,"column":13}},"type":"if","locations":[{"start":{"line":62,"column":12},"end":{"line":64,"column":13}},{"start":{"line":62,"column":12},"end":{"line":64,"column":13}}],"line":62},"5":{"loc":{"start":{"line":80,"column":16},"end":{"line":82,"column":17}},"type":"if","locations":[{"start":{"line":80,"column":16},"end":{"line":82,"column":17}},{"start":{"line":80,"column":16},"end":{"line":82,"column":17}}],"line":80},"6":{"loc":{"start":{"line":84,"column":16},"end":{"line":86,"column":17}},"type":"if","locations":[{"start":{"line":84,"column":16},"end":{"line":86,"column":17}},{"start":{"line":84,"column":16},"end":{"line":86,"column":17}}],"line":84},"7":{"loc":{"start":{"line":94,"column":12},"end":{"line":96,"column":13}},"type":"if","locations":[{"start":{"line":94,"column":12},"end":{"line":96,"column":13}},{"start":{"line":94,"column":12},"end":{"line":96,"column":13}}],"line":94},"8":{"loc":{"start":{"line":98,"column":12},"end":{"line":100,"column":13}},"type":"if","locations":[{"start":{"line":98,"column":12},"end":{"line":100,"column":13}},{"start":{"line":98,"column":12},"end":{"line":100,"column":13}}],"line":98}},"s":{"0":1,"1":1,"2":14,"3":3,"4":3,"5":1,"6":2,"7":2,"8":2,"9":2,"10":1,"11":1,"12":1,"13":0,"14":3,"15":3,"16":3,"17":3,"18":1,"19":2,"20":1,"21":1,"22":3,"23":3,"24":3,"25":3,"26":1,"27":2,"28":1,"29":1,"30":3,"31":3,"32":3,"33":1,"34":2,"35":1,"36":1},"f":{"0":14,"1":3,"2":3,"3":2,"4":2,"5":3,"6":3,"7":3,"8":3,"9":3,"10":3},"b":{"0":[1,2],"1":[1,1],"2":[1,0],"3":[1,2],"4":[1,1],"5":[1,2],"6":[1,1],"7":[1,2],"8":[1,1]},"_coverageSchema":"43e27e138ebf9cfc5966b082cf9a028302ed4184","hash":"cb85dfa8dd5b5b1c2a479fa5c6b62327ecc0bf40"}
,"D:\\zup_test_back\\cloud_computing\\server\\endpoints\\invoices\\index.js": {"path":"D:\\zup_test_back\\cloud_computing\\server\\endpoints\\invoices\\index.js","statementMap":{"0":{"start":{"line":2,"column":10},"end":{"line":2,"column":31}},"1":{"start":{"line":4,"column":0},"end":{"line":272,"column":2}},"2":{"start":{"line":4,"column":38},"end":{"line":272,"column":1}},"3":{"start":{"line":6,"column":21},"end":{"line":16,"column":14}},"4":{"start":{"line":7,"column":16},"end":{"line":9,"column":17}},"5":{"start":{"line":8,"column":20},"end":{"line":8,"column":46}},"6":{"start":{"line":10,"column":16},"end":{"line":13,"column":18}},"7":{"start":{"line":22,"column":23},"end":{"line":22,"column":33}},"8":{"start":{"line":24,"column":8},"end":{"line":39,"column":10}},"9":{"start":{"line":25,"column":12},"end":{"line":27,"column":13}},"10":{"start":{"line":26,"column":16},"end":{"line":26,"column":43}},"11":{"start":{"line":29,"column":12},"end":{"line":31,"column":13}},"12":{"start":{"line":30,"column":16},"end":{"line":30,"column":39}},"13":{"start":{"line":33,"column":12},"end":{"line":36,"column":14}},"14":{"start":{"line":43,"column":21},"end":{"line":43,"column":29}},"15":{"start":{"line":46,"column":8},"end":{"line":111,"column":15}},"16":{"start":{"line":56,"column":16},"end":{"line":64,"column":17}},"17":{"start":{"line":57,"column":20},"end":{"line":63,"column":23}},"18":{"start":{"line":67,"column":16},"end":{"line":67,"column":38}},"19":{"start":{"line":68,"column":16},"end":{"line":68,"column":96}},"20":{"start":{"line":69,"column":16},"end":{"line":77,"column":17}},"21":{"start":{"line":70,"column":20},"end":{"line":76,"column":23}},"22":{"start":{"line":78,"column":34},"end":{"line":84,"column":22}},"23":{"start":{"line":87,"column":16},"end":{"line":110,"column":18}},"24":{"start":{"line":88,"column":20},"end":{"line":97,"column":21}},"25":{"start":{"line":90,"column":24},"end":{"line":96,"column":26}},"26":{"start":{"line":98,"column":20},"end":{"line":105,"column":21}},"27":{"start":{"line":99,"column":24},"end":{"line":104,"column":26}},"28":{"start":{"line":106,"column":20},"end":{"line":109,"column":22}},"29":{"start":{"line":115,"column":23},"end":{"line":115,"column":33}},"30":{"start":{"line":116,"column":21},"end":{"line":116,"column":78}},"31":{"start":{"line":120,"column":8},"end":{"line":138,"column":9}},"32":{"start":{"line":122,"column":12},"end":{"line":129,"column":13}},"33":{"start":{"line":123,"column":16},"end":{"line":128,"column":18}},"34":{"start":{"line":132,"column":12},"end":{"line":137,"column":14}},"35":{"start":{"line":140,"column":8},"end":{"line":206,"column":15}},"36":{"start":{"line":143,"column":16},"end":{"line":151,"column":17}},"37":{"start":{"line":144,"column":20},"end":{"line":150,"column":23}},"38":{"start":{"line":152,"column":16},"end":{"line":160,"column":17}},"39":{"start":{"line":153,"column":20},"end":{"line":159,"column":23}},"40":{"start":{"line":163,"column":16},"end":{"line":175,"column":17}},"41":{"start":{"line":164,"column":20},"end":{"line":164,"column":63}},"42":{"start":{"line":165,"column":20},"end":{"line":167,"column":22}},"43":{"start":{"line":166,"column":24},"end":{"line":166,"column":55}},"44":{"start":{"line":169,"column":20},"end":{"line":174,"column":22}},"45":{"start":{"line":176,"column":29},"end":{"line":176,"column":72}},"46":{"start":{"line":177,"column":16},"end":{"line":205,"column":22}},"47":{"start":{"line":179,"column":24},"end":{"line":187,"column":25}},"48":{"start":{"line":180,"column":28},"end":{"line":186,"column":30}},"49":{"start":{"line":189,"column":24},"end":{"line":197,"column":25}},"50":{"start":{"line":190,"column":28},"end":{"line":196,"column":30}},"51":{"start":{"line":198,"column":24},"end":{"line":204,"column":27}},"52":{"start":{"line":210,"column":23},"end":{"line":210,"column":33}},"53":{"start":{"line":212,"column":8},"end":{"line":268,"column":15}},"54":{"start":{"line":215,"column":16},"end":{"line":224,"column":17}},"55":{"start":{"line":217,"column":20},"end":{"line":223,"column":23}},"56":{"start":{"line":226,"column":16},"end":{"line":233,"column":17}},"57":{"start":{"line":227,"column":20},"end":{"line":232,"column":23}},"58":{"start":{"line":239,"column":16},"end":{"line":266,"column":18}},"59":{"start":{"line":240,"column":20},"end":{"line":249,"column":21}},"60":{"start":{"line":242,"column":24},"end":{"line":248,"column":27}},"61":{"start":{"line":251,"column":20},"end":{"line":259,"column":21}},"62":{"start":{"line":252,"column":24},"end":{"line":258,"column":27}},"63":{"start":{"line":260,"column":20},"end":{"line":265,"column":23}}},"fnMap":{"0":{"name":"(anonymous_0)","decl":{"start":{"line":4,"column":17},"end":{"line":4,"column":18}},"loc":{"start":{"line":4,"column":38},"end":{"line":272,"column":1}},"line":4},"1":{"name":"(anonymous_1)","decl":{"start":{"line":5,"column":9},"end":{"line":5,"column":10}},"loc":{"start":{"line":5,"column":28},"end":{"line":20,"column":5}},"line":5},"2":{"name":"(anonymous_2)","decl":{"start":{"line":6,"column":41},"end":{"line":6,"column":42}},"loc":{"start":{"line":6,"column":65},"end":{"line":16,"column":13}},"line":6},"3":{"name":"(anonymous_3)","decl":{"start":{"line":21,"column":14},"end":{"line":21,"column":15}},"loc":{"start":{"line":21,"column":28},"end":{"line":41,"column":5}},"line":21},"4":{"name":"(anonymous_4)","decl":{"start":{"line":24,"column":37},"end":{"line":24,"column":38}},"loc":{"start":{"line":24,"column":55},"end":{"line":39,"column":9}},"line":24},"5":{"name":"(anonymous_5)","decl":{"start":{"line":42,"column":10},"end":{"line":42,"column":11}},"loc":{"start":{"line":42,"column":29},"end":{"line":113,"column":5}},"line":42},"6":{"name":"(anonymous_6)","decl":{"start":{"line":55,"column":18},"end":{"line":55,"column":19}},"loc":{"start":{"line":55,"column":42},"end":{"line":111,"column":13}},"line":55},"7":{"name":"(anonymous_7)","decl":{"start":{"line":87,"column":37},"end":{"line":87,"column":38}},"loc":{"start":{"line":87,"column":55},"end":{"line":110,"column":17}},"line":87},"8":{"name":"(anonymous_8)","decl":{"start":{"line":114,"column":9},"end":{"line":114,"column":10}},"loc":{"start":{"line":114,"column":28},"end":{"line":208,"column":5}},"line":114},"9":{"name":"(anonymous_9)","decl":{"start":{"line":142,"column":18},"end":{"line":142,"column":19}},"loc":{"start":{"line":142,"column":42},"end":{"line":206,"column":13}},"line":142},"10":{"name":"(anonymous_10)","decl":{"start":{"line":165,"column":47},"end":{"line":165,"column":48}},"loc":{"start":{"line":165,"column":57},"end":{"line":167,"column":21}},"line":165},"11":{"name":"(anonymous_11)","decl":{"start":{"line":178,"column":79},"end":{"line":178,"column":80}},"loc":{"start":{"line":178,"column":102},"end":{"line":205,"column":21}},"line":178},"12":{"name":"(anonymous_12)","decl":{"start":{"line":209,"column":12},"end":{"line":209,"column":13}},"loc":{"start":{"line":209,"column":26},"end":{"line":271,"column":5}},"line":209},"13":{"name":"(anonymous_13)","decl":{"start":{"line":214,"column":18},"end":{"line":214,"column":19}},"loc":{"start":{"line":214,"column":42},"end":{"line":268,"column":13}},"line":214},"14":{"name":"(anonymous_14)","decl":{"start":{"line":239,"column":86},"end":{"line":239,"column":87}},"loc":{"start":{"line":239,"column":104},"end":{"line":266,"column":17}},"line":239}},"branchMap":{"0":{"loc":{"start":{"line":7,"column":16},"end":{"line":9,"column":17}},"type":"if","locations":[{"start":{"line":7,"column":16},"end":{"line":9,"column":17}},{"start":{"line":7,"column":16},"end":{"line":9,"column":17}}],"line":7},"1":{"loc":{"start":{"line":25,"column":12},"end":{"line":27,"column":13}},"type":"if","locations":[{"start":{"line":25,"column":12},"end":{"line":27,"column":13}},{"start":{"line":25,"column":12},"end":{"line":27,"column":13}}],"line":25},"2":{"loc":{"start":{"line":29,"column":12},"end":{"line":31,"column":13}},"type":"if","locations":[{"start":{"line":29,"column":12},"end":{"line":31,"column":13}},{"start":{"line":29,"column":12},"end":{"line":31,"column":13}}],"line":29},"3":{"loc":{"start":{"line":56,"column":16},"end":{"line":64,"column":17}},"type":"if","locations":[{"start":{"line":56,"column":16},"end":{"line":64,"column":17}},{"start":{"line":56,"column":16},"end":{"line":64,"column":17}}],"line":56},"4":{"loc":{"start":{"line":68,"column":16},"end":{"line":68,"column":96}},"type":"cond-expr","locations":[{"start":{"line":68,"column":50},"end":{"line":68,"column":78}},{"start":{"line":68,"column":83},"end":{"line":68,"column":95}}],"line":68},"5":{"loc":{"start":{"line":69,"column":16},"end":{"line":77,"column":17}},"type":"if","locations":[{"start":{"line":69,"column":16},"end":{"line":77,"column":17}},{"start":{"line":69,"column":16},"end":{"line":77,"column":17}}],"line":69},"6":{"loc":{"start":{"line":69,"column":20},"end":{"line":69,"column":36}},"type":"binary-expr","locations":[{"start":{"line":69,"column":20},"end":{"line":69,"column":28}},{"start":{"line":69,"column":32},"end":{"line":69,"column":36}}],"line":69},"7":{"loc":{"start":{"line":88,"column":20},"end":{"line":97,"column":21}},"type":"if","locations":[{"start":{"line":88,"column":20},"end":{"line":97,"column":21}},{"start":{"line":88,"column":20},"end":{"line":97,"column":21}}],"line":88},"8":{"loc":{"start":{"line":98,"column":20},"end":{"line":105,"column":21}},"type":"if","locations":[{"start":{"line":98,"column":20},"end":{"line":105,"column":21}},{"start":{"line":98,"column":20},"end":{"line":105,"column":21}}],"line":98},"9":{"loc":{"start":{"line":122,"column":12},"end":{"line":129,"column":13}},"type":"if","locations":[{"start":{"line":122,"column":12},"end":{"line":129,"column":13}},{"start":{"line":122,"column":12},"end":{"line":129,"column":13}}],"line":122},"10":{"loc":{"start":{"line":143,"column":16},"end":{"line":151,"column":17}},"type":"if","locations":[{"start":{"line":143,"column":16},"end":{"line":151,"column":17}},{"start":{"line":143,"column":16},"end":{"line":151,"column":17}}],"line":143},"11":{"loc":{"start":{"line":152,"column":16},"end":{"line":160,"column":17}},"type":"if","locations":[{"start":{"line":152,"column":16},"end":{"line":160,"column":17}},{"start":{"line":152,"column":16},"end":{"line":160,"column":17}}],"line":152},"12":{"loc":{"start":{"line":152,"column":20},"end":{"line":152,"column":55}},"type":"binary-expr","locations":[{"start":{"line":152,"column":20},"end":{"line":152,"column":29}},{"start":{"line":152,"column":34},"end":{"line":152,"column":54}}],"line":152},"13":{"loc":{"start":{"line":179,"column":24},"end":{"line":187,"column":25}},"type":"if","locations":[{"start":{"line":179,"column":24},"end":{"line":187,"column":25}},{"start":{"line":179,"column":24},"end":{"line":187,"column":25}}],"line":179},"14":{"loc":{"start":{"line":189,"column":24},"end":{"line":197,"column":25}},"type":"if","locations":[{"start":{"line":189,"column":24},"end":{"line":197,"column":25}},{"start":{"line":189,"column":24},"end":{"line":197,"column":25}}],"line":189},"15":{"loc":{"start":{"line":189,"column":28},"end":{"line":189,"column":61}},"type":"binary-expr","locations":[{"start":{"line":189,"column":28},"end":{"line":189,"column":36}},{"start":{"line":189,"column":41},"end":{"line":189,"column":60}}],"line":189},"16":{"loc":{"start":{"line":215,"column":16},"end":{"line":224,"column":17}},"type":"if","locations":[{"start":{"line":215,"column":16},"end":{"line":224,"column":17}},{"start":{"line":215,"column":16},"end":{"line":224,"column":17}}],"line":215},"17":{"loc":{"start":{"line":226,"column":16},"end":{"line":233,"column":17}},"type":"if","locations":[{"start":{"line":226,"column":16},"end":{"line":233,"column":17}},{"start":{"line":226,"column":16},"end":{"line":233,"column":17}}],"line":226},"18":{"loc":{"start":{"line":226,"column":20},"end":{"line":226,"column":55}},"type":"binary-expr","locations":[{"start":{"line":226,"column":20},"end":{"line":226,"column":29}},{"start":{"line":226,"column":34},"end":{"line":226,"column":54}}],"line":226},"19":{"loc":{"start":{"line":240,"column":20},"end":{"line":249,"column":21}},"type":"if","locations":[{"start":{"line":240,"column":20},"end":{"line":249,"column":21}},{"start":{"line":240,"column":20},"end":{"line":249,"column":21}}],"line":240},"20":{"loc":{"start":{"line":251,"column":20},"end":{"line":259,"column":21}},"type":"if","locations":[{"start":{"line":251,"column":20},"end":{"line":259,"column":21}},{"start":{"line":251,"column":20},"end":{"line":259,"column":21}}],"line":251}},"s":{"0":1,"1":1,"2":21,"3":3,"4":3,"5":1,"6":2,"7":2,"8":2,"9":2,"10":1,"11":1,"12":1,"13":0,"14":3,"15":3,"16":3,"17":1,"18":2,"19":2,"20":1,"21":1,"22":0,"23":0,"24":0,"25":0,"26":0,"27":0,"28":0,"29":8,"30":8,"31":8,"32":8,"33":1,"34":2,"35":5,"36":5,"37":1,"38":4,"39":1,"40":3,"41":3,"42":3,"43":3,"44":0,"45":3,"46":3,"47":3,"48":1,"49":2,"50":1,"51":1,"52":5,"53":5,"54":5,"55":1,"56":4,"57":1,"58":3,"59":3,"60":1,"61":2,"62":1,"63":1},"f":{"0":21,"1":3,"2":3,"3":2,"4":2,"5":3,"6":3,"7":0,"8":8,"9":5,"10":3,"11":3,"12":5,"13":5,"14":3},"b":{"0":[1,2],"1":[1,1],"2":[1,0],"3":[1,2],"4":[2,0],"5":[1,0],"6":[1,1],"7":[0,0],"8":[0,0],"9":[1,5],"10":[1,4],"11":[1,3],"12":[4,4],"13":[1,2],"14":[1,1],"15":[2,2],"16":[1,4],"17":[1,3],"18":[4,3],"19":[1,2],"20":[1,1]},"_coverageSchema":"43e27e138ebf9cfc5966b082cf9a028302ed4184","hash":"f79ef5f8e05dcd6c0393c674cf9d743944b7efa3"}
,"D:\\zup_test_back\\cloud_computing\\server\\endpoints\\services\\index.js": {"path":"D:\\zup_test_back\\cloud_computing\\server\\endpoints\\services\\index.js","statementMap":{"0":{"start":{"line":1,"column":10},"end":{"line":1,"column":31}},"1":{"start":{"line":3,"column":0},"end":{"line":100,"column":2}},"2":{"start":{"line":3,"column":38},"end":{"line":100,"column":1}},"3":{"start":{"line":5,"column":21},"end":{"line":15,"column":14}},"4":{"start":{"line":6,"column":16},"end":{"line":8,"column":17}},"5":{"start":{"line":7,"column":20},"end":{"line":7,"column":46}},"6":{"start":{"line":9,"column":16},"end":{"line":12,"column":18}},"7":{"start":{"line":21,"column":23},"end":{"line":21,"column":33}},"8":{"start":{"line":23,"column":8},"end":{"line":38,"column":10}},"9":{"start":{"line":24,"column":12},"end":{"line":26,"column":13}},"10":{"start":{"line":25,"column":16},"end":{"line":25,"column":43}},"11":{"start":{"line":28,"column":12},"end":{"line":30,"column":13}},"12":{"start":{"line":29,"column":16},"end":{"line":29,"column":39}},"13":{"start":{"line":32,"column":12},"end":{"line":35,"column":14}},"14":{"start":{"line":42,"column":21},"end":{"line":42,"column":29}},"15":{"start":{"line":43,"column":26},"end":{"line":49,"column":10}},"16":{"start":{"line":51,"column":8},"end":{"line":63,"column":10}},"17":{"start":{"line":52,"column":12},"end":{"line":55,"column":13}},"18":{"start":{"line":54,"column":16},"end":{"line":54,"column":42}},"19":{"start":{"line":56,"column":12},"end":{"line":58,"column":13}},"20":{"start":{"line":57,"column":16},"end":{"line":57,"column":42}},"21":{"start":{"line":59,"column":12},"end":{"line":62,"column":14}},"22":{"start":{"line":67,"column":23},"end":{"line":67,"column":33}},"23":{"start":{"line":68,"column":19},"end":{"line":68,"column":54}},"24":{"start":{"line":71,"column":8},"end":{"line":81,"column":14}},"25":{"start":{"line":73,"column":16},"end":{"line":75,"column":17}},"26":{"start":{"line":74,"column":20},"end":{"line":74,"column":46}},"27":{"start":{"line":77,"column":16},"end":{"line":79,"column":17}},"28":{"start":{"line":78,"column":20},"end":{"line":78,"column":46}},"29":{"start":{"line":80,"column":16},"end":{"line":80,"column":36}},"30":{"start":{"line":85,"column":23},"end":{"line":85,"column":33}},"31":{"start":{"line":86,"column":8},"end":{"line":96,"column":10}},"32":{"start":{"line":87,"column":12},"end":{"line":90,"column":13}},"33":{"start":{"line":88,"column":16},"end":{"line":88,"column":33}},"34":{"start":{"line":89,"column":16},"end":{"line":89,"column":42}},"35":{"start":{"line":92,"column":12},"end":{"line":94,"column":13}},"36":{"start":{"line":93,"column":16},"end":{"line":93,"column":42}},"37":{"start":{"line":95,"column":12},"end":{"line":95,"column":32}}},"fnMap":{"0":{"name":"(anonymous_0)","decl":{"start":{"line":3,"column":17},"end":{"line":3,"column":18}},"loc":{"start":{"line":3,"column":38},"end":{"line":100,"column":1}},"line":3},"1":{"name":"(anonymous_1)","decl":{"start":{"line":4,"column":9},"end":{"line":4,"column":10}},"loc":{"start":{"line":4,"column":28},"end":{"line":19,"column":5}},"line":4},"2":{"name":"(anonymous_2)","decl":{"start":{"line":5,"column":41},"end":{"line":5,"column":42}},"loc":{"start":{"line":5,"column":65},"end":{"line":15,"column":13}},"line":5},"3":{"name":"(anonymous_3)","decl":{"start":{"line":20,"column":14},"end":{"line":20,"column":15}},"loc":{"start":{"line":20,"column":28},"end":{"line":40,"column":5}},"line":20},"4":{"name":"(anonymous_4)","decl":{"start":{"line":23,"column":37},"end":{"line":23,"column":38}},"loc":{"start":{"line":23,"column":55},"end":{"line":38,"column":9}},"line":23},"5":{"name":"(anonymous_5)","decl":{"start":{"line":41,"column":10},"end":{"line":41,"column":11}},"loc":{"start":{"line":41,"column":29},"end":{"line":65,"column":5}},"line":41},"6":{"name":"(anonymous_6)","decl":{"start":{"line":51,"column":29},"end":{"line":51,"column":30}},"loc":{"start":{"line":51,"column":47},"end":{"line":63,"column":9}},"line":51},"7":{"name":"(anonymous_7)","decl":{"start":{"line":66,"column":9},"end":{"line":66,"column":10}},"loc":{"start":{"line":66,"column":28},"end":{"line":83,"column":5}},"line":66},"8":{"name":"(anonymous_8)","decl":{"start":{"line":72,"column":58},"end":{"line":72,"column":59}},"loc":{"start":{"line":72,"column":81},"end":{"line":81,"column":13}},"line":72},"9":{"name":"(anonymous_9)","decl":{"start":{"line":84,"column":12},"end":{"line":84,"column":13}},"loc":{"start":{"line":84,"column":26},"end":{"line":99,"column":5}},"line":84},"10":{"name":"(anonymous_10)","decl":{"start":{"line":86,"column":78},"end":{"line":86,"column":79}},"loc":{"start":{"line":86,"column":96},"end":{"line":96,"column":9}},"line":86}},"branchMap":{"0":{"loc":{"start":{"line":6,"column":16},"end":{"line":8,"column":17}},"type":"if","locations":[{"start":{"line":6,"column":16},"end":{"line":8,"column":17}},{"start":{"line":6,"column":16},"end":{"line":8,"column":17}}],"line":6},"1":{"loc":{"start":{"line":24,"column":12},"end":{"line":26,"column":13}},"type":"if","locations":[{"start":{"line":24,"column":12},"end":{"line":26,"column":13}},{"start":{"line":24,"column":12},"end":{"line":26,"column":13}}],"line":24},"2":{"loc":{"start":{"line":28,"column":12},"end":{"line":30,"column":13}},"type":"if","locations":[{"start":{"line":28,"column":12},"end":{"line":30,"column":13}},{"start":{"line":28,"column":12},"end":{"line":30,"column":13}}],"line":28},"3":{"loc":{"start":{"line":52,"column":12},"end":{"line":55,"column":13}},"type":"if","locations":[{"start":{"line":52,"column":12},"end":{"line":55,"column":13}},{"start":{"line":52,"column":12},"end":{"line":55,"column":13}}],"line":52},"4":{"loc":{"start":{"line":56,"column":12},"end":{"line":58,"column":13}},"type":"if","locations":[{"start":{"line":56,"column":12},"end":{"line":58,"column":13}},{"start":{"line":56,"column":12},"end":{"line":58,"column":13}}],"line":56},"5":{"loc":{"start":{"line":73,"column":16},"end":{"line":75,"column":17}},"type":"if","locations":[{"start":{"line":73,"column":16},"end":{"line":75,"column":17}},{"start":{"line":73,"column":16},"end":{"line":75,"column":17}}],"line":73},"6":{"loc":{"start":{"line":77,"column":16},"end":{"line":79,"column":17}},"type":"if","locations":[{"start":{"line":77,"column":16},"end":{"line":79,"column":17}},{"start":{"line":77,"column":16},"end":{"line":79,"column":17}}],"line":77},"7":{"loc":{"start":{"line":87,"column":12},"end":{"line":90,"column":13}},"type":"if","locations":[{"start":{"line":87,"column":12},"end":{"line":90,"column":13}},{"start":{"line":87,"column":12},"end":{"line":90,"column":13}}],"line":87},"8":{"loc":{"start":{"line":92,"column":12},"end":{"line":94,"column":13}},"type":"if","locations":[{"start":{"line":92,"column":12},"end":{"line":94,"column":13}},{"start":{"line":92,"column":12},"end":{"line":94,"column":13}}],"line":92}},"s":{"0":1,"1":1,"2":14,"3":3,"4":3,"5":1,"6":2,"7":2,"8":2,"9":2,"10":1,"11":1,"12":1,"13":0,"14":3,"15":3,"16":3,"17":3,"18":1,"19":2,"20":1,"21":1,"22":3,"23":3,"24":3,"25":3,"26":1,"27":2,"28":1,"29":1,"30":3,"31":3,"32":3,"33":1,"34":1,"35":2,"36":1,"37":1},"f":{"0":14,"1":3,"2":3,"3":2,"4":2,"5":3,"6":3,"7":3,"8":3,"9":3,"10":3},"b":{"0":[1,2],"1":[1,1],"2":[1,0],"3":[1,2],"4":[1,1],"5":[1,2],"6":[1,1],"7":[1,2],"8":[1,1]},"_coverageSchema":"43e27e138ebf9cfc5966b082cf9a028302ed4184","hash":"c349ff06a809d8dc221e3055ea48ec57c526620a"}
}
