TN:
SF:D:\zup_test_back\cloud_computing\server\endpoints\clients\index.js
FN:5,(anonymous_0)
FN:6,(anonymous_1)
FN:8,(anonymous_2)
FN:24,(anonymous_3)
FN:27,(anonymous_4)
FN:44,(anonymous_5)
FN:57,(anonymous_6)
FN:73,(anonymous_7)
FN:79,(anonymous_8)
FN:91,(anonymous_9)
FN:93,(anonymous_10)
FNF:11
FNH:11
FNDA:14,(anonymous_0)
FNDA:3,(anonymous_1)
FNDA:3,(anonymous_2)
FNDA:2,(anonymous_3)
FNDA:2,(anonymous_4)
FNDA:3,(anonymous_5)
FNDA:3,(anonymous_6)
FNDA:3,(anonymous_7)
FNDA:3,(anonymous_8)
FNDA:3,(anonymous_9)
FNDA:3,(anonymous_10)
DA:2,1
DA:5,14
DA:8,3
DA:9,3
DA:10,1
DA:14,2
DA:25,2
DA:27,2
DA:28,2
DA:29,1
DA:32,1
DA:33,1
DA:36,0
DA:45,3
DA:46,3
DA:57,3
DA:58,3
DA:60,1
DA:62,2
DA:63,1
DA:65,1
DA:74,3
DA:75,3
DA:78,3
DA:80,3
DA:81,1
DA:84,2
DA:85,1
DA:87,1
DA:92,3
DA:93,3
DA:94,3
DA:95,1
DA:96,1
DA:99,2
DA:100,1
DA:102,1
LF:37
LH:36
BRDA:9,0,0,1
BRDA:9,0,1,2
BRDA:28,1,0,1
BRDA:28,1,1,1
BRDA:32,2,0,1
BRDA:32,2,1,0
BRDA:58,3,0,1
BRDA:58,3,1,2
BRDA:62,4,0,1
BRDA:62,4,1,1
BRDA:80,5,0,1
BRDA:80,5,1,2
BRDA:84,6,0,1
BRDA:84,6,1,1
BRDA:94,7,0,1
BRDA:94,7,1,2
BRDA:99,8,0,1
BRDA:99,8,1,1
BRF:18
BRH:17
end_of_record
