TN:
SF:D:\zup_test_back\cloud_computing\server\endpoints\clients\index.js
FN:5,(anonymous_0)
FN:6,(anonymous_1)
FN:8,(anonymous_2)
FN:24,(anonymous_3)
FN:27,(anonymous_4)
FN:44,(anonymous_5)
FN:57,(anonymous_6)
FN:73,(anonymous_7)
FN:79,(anonymous_8)
FN:91,(anonymous_9)
FN:93,(anonymous_10)
FNF:11
FNH:11
FNDA:14,(anonymous_0)
FNDA:3,(anonymous_1)
FNDA:3,(anonymous_2)
FNDA:2,(anonymous_3)
FNDA:2,(anonymous_4)
FNDA:3,(anonymous_5)
FNDA:3,(anonymous_6)
FNDA:3,(anonymous_7)
FNDA:3,(anonymous_8)
FNDA:3,(anonymous_9)
FNDA:3,(anonymous_10)
DA:2,1
DA:5,14
DA:8,3
DA:9,3
DA:10,1
DA:14,2
DA:25,2
DA:27,2
DA:28,2
DA:29,1
DA:32,1
DA:33,1
DA:36,0
DA:45,3
DA:46,3
DA:57,3
DA:58,3
DA:60,1
DA:62,2
DA:63,1
DA:65,1
DA:74,3
DA:75,3
DA:78,3
DA:80,3
DA:81,1
DA:84,2
DA:85,1
DA:87,1
DA:92,3
DA:93,3
DA:94,3
DA:95,1
DA:98,2
DA:99,1
DA:101,1
LF:36
LH:35
BRDA:9,0,0,1
BRDA:9,0,1,2
BRDA:28,1,0,1
BRDA:28,1,1,1
BRDA:32,2,0,1
BRDA:32,2,1,0
BRDA:58,3,0,1
BRDA:58,3,1,2
BRDA:62,4,0,1
BRDA:62,4,1,1
BRDA:80,5,0,1
BRDA:80,5,1,2
BRDA:84,6,0,1
BRDA:84,6,1,1
BRDA:94,7,0,1
BRDA:94,7,1,2
BRDA:98,8,0,1
BRDA:98,8,1,1
BRF:18
BRH:17
end_of_record
TN:
SF:D:\zup_test_back\cloud_computing\server\endpoints\invoices\index.js
FN:4,(anonymous_0)
FN:5,(anonymous_1)
FN:6,(anonymous_2)
FN:21,(anonymous_3)
FN:42,(anonymous_4)
FN:60,(anonymous_5)
FN:63,(anonymous_6)
FN:81,(anonymous_7)
FN:94,(anonymous_8)
FN:126,(anonymous_9)
FN:152,(anonymous_10)
FN:180,(anonymous_11)
FN:203,(anonymous_12)
FN:216,(anonymous_13)
FN:247,(anonymous_14)
FN:254,(anonymous_15)
FN:284,(anonymous_16)
FN:288,(anonymous_17)
FN:306,(anonymous_18)
FN:311,(anonymous_19)
FN:336,(anonymous_20)
FNF:21
FNH:16
FNDA:23,(anonymous_0)
FNDA:3,(anonymous_1)
FNDA:3,(anonymous_2)
FNDA:2,(anonymous_3)
FNDA:2,(anonymous_4)
FNDA:2,(anonymous_5)
FNDA:2,(anonymous_6)
FNDA:3,(anonymous_7)
FNDA:3,(anonymous_8)
FNDA:0,(anonymous_9)
FNDA:8,(anonymous_10)
FNDA:5,(anonymous_11)
FNDA:3,(anonymous_12)
FNDA:3,(anonymous_13)
FNDA:0,(anonymous_14)
FNDA:0,(anonymous_15)
FNDA:0,(anonymous_16)
FNDA:0,(anonymous_17)
FNDA:5,(anonymous_18)
FNDA:5,(anonymous_19)
FNDA:3,(anonymous_20)
DA:2,1
DA:4,23
DA:6,3
DA:7,3
DA:8,1
DA:10,2
DA:23,2
DA:25,2
DA:26,2
DA:28,2
DA:29,2
DA:31,2
DA:43,2
DA:44,1
DA:53,1
DA:61,2
DA:63,2
DA:64,2
DA:65,1
DA:68,1
DA:69,1
DA:72,0
DA:82,3
DA:85,3
DA:95,3
DA:96,1
DA:106,2
DA:107,2
DA:108,1
DA:109,1
DA:117,0
DA:126,0
DA:127,0
DA:128,0
DA:136,0
DA:137,0
DA:144,0
DA:153,8
DA:154,8
DA:158,8
DA:160,8
DA:161,1
DA:170,2
DA:178,5
DA:181,5
DA:182,1
DA:190,4
DA:191,1
DA:201,3
DA:202,3
DA:203,3
DA:204,3
DA:207,0
DA:214,3
DA:215,3
DA:217,3
DA:218,1
DA:227,2
DA:228,1
DA:236,1
DA:248,0
DA:249,0
DA:255,0
DA:256,0
DA:264,0
DA:265,0
DA:273,0
DA:275,0
DA:276,0
DA:283,0
DA:284,0
DA:285,0
DA:286,0
DA:288,0
DA:289,0
DA:290,0
DA:299,0
DA:307,5
DA:309,5
DA:312,5
DA:314,1
DA:323,4
DA:324,1
DA:336,3
DA:337,3
DA:339,1
DA:348,2
DA:349,1
DA:357,1
LF:89
LH:63
BRDA:7,0,0,1
BRDA:7,0,1,2
BRDA:25,1,0,2
BRDA:25,1,1,2
BRDA:28,2,0,2
BRDA:28,2,1,0
BRDA:43,3,0,1
BRDA:43,3,1,1
BRDA:64,4,0,1
BRDA:64,4,1,1
BRDA:68,5,0,1
BRDA:68,5,1,0
BRDA:95,6,0,1
BRDA:95,6,1,2
BRDA:107,7,0,2
BRDA:107,7,1,0
BRDA:108,8,0,1
BRDA:108,8,1,0
BRDA:108,9,0,1
BRDA:108,9,1,1
BRDA:127,10,0,0
BRDA:127,10,1,0
BRDA:136,11,0,0
BRDA:136,11,1,0
BRDA:160,12,0,1
BRDA:160,12,1,5
BRDA:181,13,0,1
BRDA:181,13,1,4
BRDA:190,14,0,1
BRDA:190,14,1,3
BRDA:190,15,0,4
BRDA:190,15,1,4
BRDA:217,16,0,1
BRDA:217,16,1,2
BRDA:227,17,0,1
BRDA:227,17,1,1
BRDA:227,18,0,2
BRDA:227,18,1,2
BRDA:255,19,0,0
BRDA:255,19,1,0
BRDA:264,20,0,0
BRDA:264,20,1,0
BRDA:275,21,0,0
BRDA:275,21,1,0
BRDA:289,22,0,0
BRDA:289,22,1,0
BRDA:312,23,0,1
BRDA:312,23,1,4
BRDA:323,24,0,1
BRDA:323,24,1,3
BRDA:323,25,0,4
BRDA:323,25,1,3
BRDA:337,26,0,1
BRDA:337,26,1,2
BRDA:348,27,0,1
BRDA:348,27,1,1
BRF:56
BRH:40
end_of_record
TN:
SF:D:\zup_test_back\cloud_computing\server\endpoints\services\index.js
FN:3,(anonymous_0)
FN:4,(anonymous_1)
FN:5,(anonymous_2)
FN:20,(anonymous_3)
FN:23,(anonymous_4)
FN:41,(anonymous_5)
FN:51,(anonymous_6)
FN:66,(anonymous_7)
FN:72,(anonymous_8)
FN:84,(anonymous_9)
FN:86,(anonymous_10)
FNF:11
FNH:11
FNDA:14,(anonymous_0)
FNDA:3,(anonymous_1)
FNDA:3,(anonymous_2)
FNDA:2,(anonymous_3)
FNDA:2,(anonymous_4)
FNDA:3,(anonymous_5)
FNDA:3,(anonymous_6)
FNDA:3,(anonymous_7)
FNDA:3,(anonymous_8)
FNDA:3,(anonymous_9)
FNDA:3,(anonymous_10)
DA:1,1
DA:3,14
DA:5,3
DA:6,3
DA:7,1
DA:9,2
DA:21,2
DA:23,2
DA:24,2
DA:25,1
DA:28,1
DA:29,1
DA:32,0
DA:42,3
DA:43,3
DA:51,3
DA:52,3
DA:54,1
DA:56,2
DA:57,1
DA:59,1
DA:67,3
DA:68,3
DA:71,3
DA:73,3
DA:74,1
DA:77,2
DA:78,1
DA:80,1
DA:85,3
DA:86,3
DA:87,3
DA:88,1
DA:89,1
DA:92,2
DA:93,1
DA:95,1
LF:37
LH:36
BRDA:6,0,0,1
BRDA:6,0,1,2
BRDA:24,1,0,1
BRDA:24,1,1,1
BRDA:28,2,0,1
BRDA:28,2,1,0
BRDA:52,3,0,1
BRDA:52,3,1,2
BRDA:56,4,0,1
BRDA:56,4,1,1
BRDA:73,5,0,1
BRDA:73,5,1,2
BRDA:77,6,0,1
BRDA:77,6,1,1
BRDA:87,7,0,1
BRDA:87,7,1,2
BRDA:92,8,0,1
BRDA:92,8,1,1
BRF:18
BRH:17
end_of_record
TN:
SF:D:\zup_test_back\cloud_computing\server\endpoints\users\index.js
FN:5,(anonymous_0)
FN:6,(anonymous_1)
FN:8,(anonymous_2)
FN:24,(anonymous_3)
FN:27,(anonymous_4)
FN:44,(anonymous_5)
FN:55,(anonymous_6)
FN:71,(anonymous_7)
FN:78,(anonymous_8)
FN:90,(anonymous_9)
FN:92,(anonymous_10)
FNF:11
FNH:11
FNDA:14,(anonymous_0)
FNDA:3,(anonymous_1)
FNDA:3,(anonymous_2)
FNDA:2,(anonymous_3)
FNDA:2,(anonymous_4)
FNDA:3,(anonymous_5)
FNDA:3,(anonymous_6)
FNDA:3,(anonymous_7)
FNDA:3,(anonymous_8)
FNDA:3,(anonymous_9)
FNDA:3,(anonymous_10)
DA:2,1
DA:5,14
DA:8,3
DA:9,3
DA:10,1
DA:14,2
DA:25,2
DA:27,2
DA:28,2
DA:29,1
DA:32,1
DA:33,1
DA:36,0
DA:45,3
DA:46,3
DA:55,3
DA:56,3
DA:58,1
DA:60,2
DA:61,1
DA:63,1
DA:72,3
DA:73,3
DA:77,3
DA:79,3
DA:80,1
DA:83,2
DA:84,1
DA:86,1
DA:91,3
DA:92,3
DA:93,3
DA:94,1
DA:97,2
DA:98,1
DA:100,1
LF:36
LH:35
BRDA:9,0,0,1
BRDA:9,0,1,2
BRDA:28,1,0,1
BRDA:28,1,1,1
BRDA:32,2,0,1
BRDA:32,2,1,0
BRDA:56,3,0,1
BRDA:56,3,1,2
BRDA:60,4,0,1
BRDA:60,4,1,1
BRDA:79,5,0,1
BRDA:79,5,1,2
BRDA:83,6,0,1
BRDA:83,6,1,1
BRDA:93,7,0,1
BRDA:93,7,1,2
BRDA:97,8,0,1
BRDA:97,8,1,1
BRF:18
BRH:17
end_of_record
